<?xml version="1.0" encoding="UTF-8"?>
<testng-results ignored="0" total="1" passed="1" failed="0" skipped="0">
  <reporter-output>
  </reporter-output>
  <suite started-at="2025-01-29T18:02:00 IST" name="Default suite" finished-at="2025-01-29T18:02:08 IST" duration-ms="7317">
    <groups>
    </groups>
    <test started-at="2025-01-29T18:02:00 IST" name="Default test" finished-at="2025-01-29T18:02:08 IST" duration-ms="7317">
      <class name="AssertionPractice.homepageverificationTest">
        <test-method signature="homepageTest(java.lang.reflect.Method)[pri:0, instance:AssertionPractice.homepageverificationTest@4efbca5a]" started-at="2025-01-29T18:02:00 IST" name="homepageTest" finished-at="2025-01-29T18:02:08 IST" duration-ms="7265" status="PASS">
          <params>
            <param index="0">
              <value>
                <![CDATA[public void AssertionPractice.homepageverificationTest.homepageTest(java.lang.reflect.Method)]]>
              </value>
            </param>
          </params>
          <reporter-output>
          </reporter-output>
        </test-method> <!-- homepageTest -->
      </class> <!-- AssertionPractice.homepageverificationTest -->
    </test> <!-- Default test -->
  </suite> <!-- Default suite -->
</testng-results>
