<?xml version="1.0" encoding="UTF-8"?>
<!-- Generated by org.testng.reporters.JUnitXMLReporter -->
<testsuite ignored="1" hostname="Deepak" failures="0" tests="1" name="Default test" time="7.317" errors="0" timestamp="2025-01-29T18:02:08 IST">
  <testcase classname="AssertionPractice.homepageverificationTest" name="homepageTest" time="7.265"/>
  <testcase classname="AssertionPractice.homepageverificationTest" name="verifylogoTest" time="0.0">
    <ignored/>
  </testcase> <!-- verifylogoTest -->
</testsuite> <!-- Default test -->
