<?xml version="1.0" encoding="UTF-8"?>
<!-- Generated by org.testng.reporters.JUnitXMLReporter -->
<testsuite ignored="0" hostname="Deepak" failures="1" tests="1" name="Default test(failed)" time="6.547" errors="0" timestamp="2025-01-23T12:04:39 IST">
  <testcase classname="practicesample.invoicelistener" name="createinvoice" time="0.025">
    <failure type="java.lang.AssertionError" message="expected [Login] but found [Administrator - Home - vtiger CRM 5 - Commercial Open Source CRM]">
      <![CDATA[java.lang.AssertionError: expected [Login] but found [Administrator - Home - vtiger CRM 5 - Commercial Open Source CRM]
at practicesample.invoicelistener.createinvoice(invoicelistener.java:17)
at java.base/java.util.ArrayList.forEach(ArrayList.java:1596)
... Removed 31 stack frames]]>
    </failure>
  </testcase> <!-- createinvoice -->
</testsuite> <!-- Default test(failed) -->
